{"E:\\Code\\BE\\Buoi2\\NODE_46\\ExpressJS\\BE-cyber-media\\src\\common\\constant\\app.constant.js": {"path":"E:\\Code\\BE\\Buoi2\\NODE_46\\ExpressJS\\BE-cyber-media\\src\\common\\constant\\app.constant.js","statementMap":{"0":{"start":{"line":3,"column":28},"end":{"line":3,"column":52}},"1":{"start":{"line":5,"column":35},"end":{"line":5,"column":66}},"2":{"start":{"line":6,"column":36},"end":{"line":6,"column":68}},"3":{"start":{"line":8,"column":36},"end":{"line":8,"column":68}},"4":{"start":{"line":9,"column":37},"end":{"line":9,"column":70}},"5":{"start":{"line":12,"column":2},"end":{"line":12,"column":61}},"6":{"start":{"line":14,"column":0},"end":{"line":20,"column":3}}},"fnMap":{},"branchMap":{},"s":{"0":1,"1":1,"2":1,"3":1,"4":1,"5":1,"6":1},"f":{},"b":{},"_coverageSchema":"1a1c01bbd47fc00a2c39e90264f33305004495a9","hash":"36057e02f249e853392431f3f64a5e6e44dcc13b"}
,"E:\\Code\\BE\\Buoi2\\NODE_46\\ExpressJS\\BE-cyber-media\\src\\common\\helpers\\response.helper.js": {"path":"E:\\Code\\BE\\Buoi2\\NODE_46\\ExpressJS\\BE-cyber-media\\src\\common\\helpers\\response.helper.js","statementMap":{"0":{"start":{"line":1,"column":31},"end":{"line":14,"column":1}},"1":{"start":{"line":6,"column":2},"end":{"line":6,"column":43}},"2":{"start":{"line":6,"column":32},"end":{"line":6,"column":43}},"3":{"start":{"line":7,"column":2},"end":{"line":13,"column":4}},"4":{"start":{"line":16,"column":29},"end":{"line":29,"column":1}},"5":{"start":{"line":21,"column":2},"end":{"line":21,"column":43}},"6":{"start":{"line":21,"column":32},"end":{"line":21,"column":43}},"7":{"start":{"line":22,"column":2},"end":{"line":28,"column":4}}},"fnMap":{"0":{"name":"(anonymous_0)","decl":{"start":{"line":1,"column":31},"end":{"line":1,"column":32}},"loc":{"start":{"line":5,"column":5},"end":{"line":14,"column":1}},"line":5},"1":{"name":"(anonymous_1)","decl":{"start":{"line":16,"column":29},"end":{"line":16,"column":30}},"loc":{"start":{"line":20,"column":5},"end":{"line":29,"column":1}},"line":20}},"branchMap":{"0":{"loc":{"start":{"line":2,"column":2},"end":{"line":2,"column":17}},"type":"default-arg","locations":[{"start":{"line":2,"column":13},"end":{"line":2,"column":17}}],"line":2},"1":{"loc":{"start":{"line":3,"column":2},"end":{"line":3,"column":16}},"type":"default-arg","locations":[{"start":{"line":3,"column":12},"end":{"line":3,"column":16}}],"line":3},"2":{"loc":{"start":{"line":4,"column":2},"end":{"line":4,"column":12}},"type":"default-arg","locations":[{"start":{"line":4,"column":9},"end":{"line":4,"column":12}}],"line":4},"3":{"loc":{"start":{"line":6,"column":2},"end":{"line":6,"column":43}},"type":"if","locations":[{"start":{"line":6,"column":2},"end":{"line":6,"column":43}},{"start":{},"end":{}}],"line":6},"4":{"loc":{"start":{"line":17,"column":2},"end":{"line":17,"column":35}},"type":"default-arg","locations":[{"start":{"line":17,"column":12},"end":{"line":17,"column":35}}],"line":17},"5":{"loc":{"start":{"line":18,"column":2},"end":{"line":18,"column":12}},"type":"default-arg","locations":[{"start":{"line":18,"column":9},"end":{"line":18,"column":12}}],"line":18},"6":{"loc":{"start":{"line":19,"column":2},"end":{"line":19,"column":14}},"type":"default-arg","locations":[{"start":{"line":19,"column":10},"end":{"line":19,"column":14}}],"line":19},"7":{"loc":{"start":{"line":21,"column":2},"end":{"line":21,"column":43}},"type":"if","locations":[{"start":{"line":21,"column":2},"end":{"line":21,"column":43}},{"start":{},"end":{}}],"line":21}},"s":{"0":1,"1":0,"2":0,"3":0,"4":1,"5":0,"6":0,"7":0},"f":{"0":0,"1":0},"b":{"0":[0],"1":[0],"2":[0],"3":[0,0],"4":[0],"5":[0],"6":[0],"7":[0,0]},"_coverageSchema":"1a1c01bbd47fc00a2c39e90264f33305004495a9","hash":"64ecb459755e11a2293eccd61a9741c30ba4a5bb"}
,"E:\\Code\\BE\\Buoi2\\NODE_46\\ExpressJS\\BE-cyber-media\\src\\common\\nodemailer\\send-mail.nodemailer.js": {"path":"E:\\Code\\BE\\Buoi2\\NODE_46\\ExpressJS\\BE-cyber-media\\src\\common\\nodemailer\\send-mail.nodemailer.js","statementMap":{"0":{"start":{"line":3,"column":20},"end":{"line":11,"column":2}},"1":{"start":{"line":16,"column":15},"end":{"line":22,"column":4}},"2":{"start":{"line":24,"column":2},"end":{"line":24,"column":50}}},"fnMap":{"0":{"name":"sendMail","decl":{"start":{"line":14,"column":15},"end":{"line":14,"column":23}},"loc":{"start":{"line":14,"column":31},"end":{"line":26,"column":1}},"line":14}},"branchMap":{},"s":{"0":1,"1":1,"2":0},"f":{"0":1},"b":{},"_coverageSchema":"1a1c01bbd47fc00a2c39e90264f33305004495a9","hash":"30ee47c4afb0b0ce2aac19f51bc417f72518d3da"}
,"E:\\Code\\BE\\Buoi2\\NODE_46\\ExpressJS\\BE-cyber-media\\src\\common\\prisma\\init.prisma.js": {"path":"E:\\Code\\BE\\Buoi2\\NODE_46\\ExpressJS\\BE-cyber-media\\src\\common\\prisma\\init.prisma.js","statementMap":{"0":{"start":{"line":3,"column":15},"end":{"line":3,"column":33}}},"fnMap":{},"branchMap":{},"s":{"0":1},"f":{},"b":{},"_coverageSchema":"1a1c01bbd47fc00a2c39e90264f33305004495a9","hash":"18e3020ed463b9c15fc5b53aceaace01a2e6777a"}
,"E:\\Code\\BE\\Buoi2\\NODE_46\\ExpressJS\\BE-cyber-media\\src\\services\\auth.service.js": {"path":"E:\\Code\\BE\\Buoi2\\NODE_46\\ExpressJS\\BE-cyber-media\\src\\services\\auth.service.js","statementMap":{"0":{"start":{"line":16,"column":20},"end":{"line":180,"column":1}},"1":{"start":{"line":19,"column":44},"end":{"line":19,"column":52}},"2":{"start":{"line":22,"column":24},"end":{"line":26,"column":6}},"3":{"start":{"line":28,"column":4},"end":{"line":30,"column":5}},"4":{"start":{"line":29,"column":6},"end":{"line":29,"column":60}},"5":{"start":{"line":32,"column":21},"end":{"line":32,"column":51}},"6":{"start":{"line":35,"column":20},"end":{"line":41,"column":6}},"7":{"start":{"line":47,"column":4},"end":{"line":49,"column":7}},"8":{"start":{"line":48,"column":6},"end":{"line":48,"column":23}},"9":{"start":{"line":54,"column":4},"end":{"line":54,"column":29}},"10":{"start":{"line":58,"column":4},"end":{"line":58,"column":19}},"11":{"start":{"line":62,"column":33},"end":{"line":62,"column":41}},"12":{"start":{"line":63,"column":24},"end":{"line":67,"column":6}},"13":{"start":{"line":68,"column":4},"end":{"line":70,"column":5}},"14":{"start":{"line":69,"column":6},"end":{"line":69,"column":62}},"15":{"start":{"line":72,"column":4},"end":{"line":86,"column":5}},"16":{"start":{"line":73,"column":6},"end":{"line":77,"column":7}},"17":{"start":{"line":74,"column":8},"end":{"line":76,"column":10}},"18":{"start":{"line":78,"column":6},"end":{"line":82,"column":7}},"19":{"start":{"line":79,"column":8},"end":{"line":81,"column":10}},"20":{"start":{"line":83,"column":6},"end":{"line":85,"column":8}},"21":{"start":{"line":89,"column":22},"end":{"line":89,"column":74}},"22":{"start":{"line":91,"column":4},"end":{"line":91,"column":78}},"23":{"start":{"line":91,"column":20},"end":{"line":91,"column":78}},"24":{"start":{"line":93,"column":19},"end":{"line":93,"column":64}},"25":{"start":{"line":95,"column":4},"end":{"line":95,"column":18}},"26":{"start":{"line":99,"column":41},"end":{"line":99,"column":49}},"27":{"start":{"line":100,"column":19},"end":{"line":100,"column":35}},"28":{"start":{"line":103,"column":22},"end":{"line":107,"column":6}},"29":{"start":{"line":109,"column":4},"end":{"line":118,"column":5}},"30":{"start":{"line":110,"column":6},"end":{"line":117,"column":9}},"31":{"start":{"line":120,"column":19},"end":{"line":120,"column":64}},"32":{"start":{"line":122,"column":4},"end":{"line":122,"column":18}},"33":{"start":{"line":127,"column":4},"end":{"line":127,"column":79}},"34":{"start":{"line":127,"column":17},"end":{"line":127,"column":79}},"35":{"start":{"line":128,"column":24},"end":{"line":130,"column":6}},"36":{"start":{"line":131,"column":25},"end":{"line":133,"column":6}},"37":{"start":{"line":134,"column":4},"end":{"line":137,"column":6}},"38":{"start":{"line":140,"column":25},"end":{"line":140,"column":65}},"39":{"start":{"line":142,"column":4},"end":{"line":146,"column":5}},"40":{"start":{"line":143,"column":6},"end":{"line":145,"column":8}},"41":{"start":{"line":148,"column":24},"end":{"line":148,"column":53}},"42":{"start":{"line":150,"column":4},"end":{"line":154,"column":5}},"43":{"start":{"line":151,"column":6},"end":{"line":153,"column":8}},"44":{"start":{"line":156,"column":31},"end":{"line":156,"column":77}},"45":{"start":{"line":158,"column":30},"end":{"line":160,"column":6}},"46":{"start":{"line":164,"column":4},"end":{"line":166,"column":5}},"47":{"start":{"line":165,"column":6},"end":{"line":165,"column":67}},"48":{"start":{"line":168,"column":22},"end":{"line":172,"column":6}},"49":{"start":{"line":174,"column":4},"end":{"line":174,"column":77}},"50":{"start":{"line":174,"column":20},"end":{"line":174,"column":77}},"51":{"start":{"line":176,"column":19},"end":{"line":176,"column":62}},"52":{"start":{"line":178,"column":4},"end":{"line":178,"column":18}}},"fnMap":{"0":{"name":"(anonymous_0)","decl":{"start":{"line":17,"column":12},"end":{"line":17,"column":13}},"loc":{"start":{"line":17,"column":27},"end":{"line":59,"column":3}},"line":17},"1":{"name":"(anonymous_1)","decl":{"start":{"line":47,"column":47},"end":{"line":47,"column":48}},"loc":{"start":{"line":47,"column":56},"end":{"line":49,"column":5}},"line":47},"2":{"name":"(anonymous_2)","decl":{"start":{"line":61,"column":9},"end":{"line":61,"column":10}},"loc":{"start":{"line":61,"column":24},"end":{"line":96,"column":3}},"line":61},"3":{"name":"(anonymous_3)","decl":{"start":{"line":98,"column":17},"end":{"line":98,"column":18}},"loc":{"start":{"line":98,"column":32},"end":{"line":123,"column":3}},"line":98},"4":{"name":"(anonymous_4)","decl":{"start":{"line":126,"column":16},"end":{"line":126,"column":17}},"loc":{"start":{"line":126,"column":28},"end":{"line":138,"column":3}},"line":126},"5":{"name":"(anonymous_5)","decl":{"start":{"line":139,"column":16},"end":{"line":139,"column":17}},"loc":{"start":{"line":139,"column":31},"end":{"line":179,"column":3}},"line":139}},"branchMap":{"0":{"loc":{"start":{"line":28,"column":4},"end":{"line":30,"column":5}},"type":"if","locations":[{"start":{"line":28,"column":4},"end":{"line":30,"column":5}},{"start":{},"end":{}}],"line":28},"1":{"loc":{"start":{"line":68,"column":4},"end":{"line":70,"column":5}},"type":"if","locations":[{"start":{"line":68,"column":4},"end":{"line":70,"column":5}},{"start":{},"end":{}}],"line":68},"2":{"loc":{"start":{"line":72,"column":4},"end":{"line":86,"column":5}},"type":"if","locations":[{"start":{"line":72,"column":4},"end":{"line":86,"column":5}},{"start":{},"end":{}}],"line":72},"3":{"loc":{"start":{"line":73,"column":6},"end":{"line":77,"column":7}},"type":"if","locations":[{"start":{"line":73,"column":6},"end":{"line":77,"column":7}},{"start":{},"end":{}}],"line":73},"4":{"loc":{"start":{"line":78,"column":6},"end":{"line":82,"column":7}},"type":"if","locations":[{"start":{"line":78,"column":6},"end":{"line":82,"column":7}},{"start":{},"end":{}}],"line":78},"5":{"loc":{"start":{"line":91,"column":4},"end":{"line":91,"column":78}},"type":"if","locations":[{"start":{"line":91,"column":4},"end":{"line":91,"column":78}},{"start":{},"end":{}}],"line":91},"6":{"loc":{"start":{"line":109,"column":4},"end":{"line":118,"column":5}},"type":"if","locations":[{"start":{"line":109,"column":4},"end":{"line":118,"column":5}},{"start":{},"end":{}}],"line":109},"7":{"loc":{"start":{"line":127,"column":4},"end":{"line":127,"column":79}},"type":"if","locations":[{"start":{"line":127,"column":4},"end":{"line":127,"column":79}},{"start":{},"end":{}}],"line":127},"8":{"loc":{"start":{"line":142,"column":4},"end":{"line":146,"column":5}},"type":"if","locations":[{"start":{"line":142,"column":4},"end":{"line":146,"column":5}},{"start":{},"end":{}}],"line":142},"9":{"loc":{"start":{"line":150,"column":4},"end":{"line":154,"column":5}},"type":"if","locations":[{"start":{"line":150,"column":4},"end":{"line":154,"column":5}},{"start":{},"end":{}}],"line":150},"10":{"loc":{"start":{"line":164,"column":4},"end":{"line":166,"column":5}},"type":"if","locations":[{"start":{"line":164,"column":4},"end":{"line":166,"column":5}},{"start":{},"end":{}}],"line":164},"11":{"loc":{"start":{"line":174,"column":4},"end":{"line":174,"column":77}},"type":"if","locations":[{"start":{"line":174,"column":4},"end":{"line":174,"column":77}},{"start":{},"end":{}}],"line":174}},"s":{"0":1,"1":1,"2":1,"3":1,"4":0,"5":1,"6":1,"7":1,"8":0,"9":1,"10":1,"11":0,"12":0,"13":0,"14":0,"15":0,"16":0,"17":0,"18":0,"19":0,"20":0,"21":0,"22":0,"23":0,"24":0,"25":0,"26":0,"27":0,"28":0,"29":0,"30":0,"31":0,"32":0,"33":0,"34":0,"35":0,"36":0,"37":0,"38":0,"39":0,"40":0,"41":0,"42":0,"43":0,"44":0,"45":0,"46":0,"47":0,"48":0,"49":0,"50":0,"51":0,"52":0},"f":{"0":1,"1":0,"2":0,"3":0,"4":0,"5":0},"b":{"0":[0,1],"1":[0,0],"2":[0,0],"3":[0,0],"4":[0,0],"5":[0,0],"6":[0,0],"7":[0,0],"8":[0,0],"9":[0,0],"10":[0,0],"11":[0,0]},"_coverageSchema":"1a1c01bbd47fc00a2c39e90264f33305004495a9","hash":"f437c1b7650deed9b00d1f1ec7b56f445920a548"}
}
