TN:
SF:src\common\constant\app.constant.js
FNF:0
FNH:0
DA:3,1
DA:5,1
DA:6,1
DA:8,1
DA:9,1
DA:12,1
DA:14,1
LF:7
LH:7
BRF:0
BRH:0
end_of_record
TN:
SF:src\common\helpers\response.helper.js
FN:1,(anonymous_0)
FN:16,(anonymous_1)
FNF:2
FNH:0
FNDA:0,(anonymous_0)
FNDA:0,(anonymous_1)
DA:1,1
DA:6,0
DA:7,0
DA:16,1
DA:21,0
DA:22,0
LF:6
LH:2
BRDA:2,0,0,0
BRDA:3,1,0,0
BRDA:4,2,0,0
BRDA:6,3,0,0
BRDA:6,3,1,0
BRDA:17,4,0,0
BRDA:18,5,0,0
BRDA:19,6,0,0
BRDA:21,7,0,0
BRDA:21,7,1,0
BRF:10
BRH:0
end_of_record
TN:
SF:src\common\nodemailer\send-mail.nodemailer.js
FN:14,sendMail
FNF:1
FNH:1
FNDA:1,sendMail
DA:3,1
DA:16,1
DA:24,0
LF:3
LH:2
BRF:0
BRH:0
end_of_record
TN:
SF:src\common\prisma\init.prisma.js
FNF:0
FNH:0
DA:3,1
LF:1
LH:1
BRF:0
BRH:0
end_of_record
TN:
SF:src\services\auth.service.js
FN:17,(anonymous_0)
FN:47,(anonymous_1)
FN:61,(anonymous_2)
FN:98,(anonymous_3)
FN:126,(anonymous_4)
FN:139,(anonymous_5)
FNF:6
FNH:1
FNDA:1,(anonymous_0)
FNDA:0,(anonymous_1)
FNDA:0,(anonymous_2)
FNDA:0,(anonymous_3)
FNDA:0,(anonymous_4)
FNDA:0,(anonymous_5)
DA:16,1
DA:19,1
DA:22,1
DA:28,1
DA:29,0
DA:32,1
DA:35,1
DA:47,1
DA:48,0
DA:54,1
DA:58,1
DA:62,0
DA:63,0
DA:68,0
DA:69,0
DA:72,0
DA:73,0
DA:74,0
DA:78,0
DA:79,0
DA:83,0
DA:89,0
DA:91,0
DA:93,0
DA:95,0
DA:99,0
DA:100,0
DA:103,0
DA:109,0
DA:110,0
DA:120,0
DA:122,0
DA:127,0
DA:128,0
DA:131,0
DA:134,0
DA:140,0
DA:142,0
DA:143,0
DA:148,0
DA:150,0
DA:151,0
DA:156,0
DA:158,0
DA:164,0
DA:165,0
DA:168,0
DA:174,0
DA:176,0
DA:178,0
LF:50
LH:9
BRDA:28,0,0,0
BRDA:28,0,1,1
BRDA:68,1,0,0
BRDA:68,1,1,0
BRDA:72,2,0,0
BRDA:72,2,1,0
BRDA:73,3,0,0
BRDA:73,3,1,0
BRDA:78,4,0,0
BRDA:78,4,1,0
BRDA:91,5,0,0
BRDA:91,5,1,0
BRDA:109,6,0,0
BRDA:109,6,1,0
BRDA:127,7,0,0
BRDA:127,7,1,0
BRDA:142,8,0,0
BRDA:142,8,1,0
BRDA:150,9,0,0
BRDA:150,9,1,0
BRDA:164,10,0,0
BRDA:164,10,1,0
BRDA:174,11,0,0
BRDA:174,11,1,0
BRF:24
BRH:1
end_of_record
